<?xml version="1.0" encoding="UTF-8"?>
<!-- Generated by org.testng.reporters.JUnitXMLReporter -->
<testsuite ignored="0" hostname="Rituchahar" failures="0" tests="4" name="Filters" time="46.086" errors="0" timestamp="2025-07-21T18:30:40 IST">
  <testcase classname="com.sparklingcrown.testall.FilterTests" name="filterByCategoryTest" time="4.352"/>
  <testcase classname="com.sparklingcrown.testall.FilterTests" name="clearFilterTest" time="6.428"/>
  <testcase classname="com.sparklingcrown.testall.FilterTests" name="filterByPriceRangeTest" time="6.491"/>
  <testcase classname="com.sparklingcrown.testall.FilterTests" name="sortByPriceLowToHighTest" time="3.974"/>
</testsuite> <!-- Filters -->
