<?xml version="1.0" encoding="UTF-8"?>
<!-- Generated by org.testng.reporters.JUnitXMLReporter -->
<testsuite ignored="0" hostname="Rituchahar" failures="0" tests="2" name="FooterLinksTests" time="59.107" errors="0" timestamp="2025-07-18T13:27:34 IST">
  <testcase classname="com.sparklingcrown.testall.FooterTest" name="verifyFooterStaticContent" time="1.746"/>
  <testcase classname="com.sparklingcrown.testall.FooterTest" name="verifyFooterLinksOpenAndValid" time="38.529"/>
</testsuite> <!-- FooterLinksTests -->
