<?xml version="1.0" encoding="UTF-8"?>
<!-- Generated by org.testng.reporters.JUnitXMLReporter -->
<testsuite ignored="14" hostname="Rituchahar" failures="0" tests="4" name="FinalFlow" time="43.147" errors="0" timestamp="2025-07-21T12:03:05 IST">
  <testcase classname="com.sparklingcrown.testall.LoginTest" name="TC08_validCredentials_shouldRedirectToHome" time="1.81"/>
  <testcase classname="com.sparklingcrown.testall.ProductFlowTest" name="TC04_addMultipleProductsToCart" time="15.999"/>
  <testcase classname="com.sparklingcrown.testall.FooterTest" name="verifyFooterStaticContent" time="1.429"/>
  <testcase classname="com.sparklingcrown.testall.SearchTests" name="TC03_validSearchWithIconRedirectsToListingPage" time="4.223"/>
  <testcase classname="com.sparklingcrown.testall.LoginTest" name="TC07_invalidEmail_invalidPassword" time="0.0">
    <ignored/>
  </testcase> <!-- TC07_invalidEmail_invalidPassword -->
  <testcase classname="com.sparklingcrown.testall.LoginTest" name="TC03_blankEmail_validPassword" time="0.0">
    <ignored/>
  </testcase> <!-- TC03_blankEmail_validPassword -->
  <testcase classname="com.sparklingcrown.testall.ProductFlowTest" name="TC02_verifyRecentlyViewedSectionVisible" time="0.0">
    <ignored/>
  </testcase> <!-- TC02_verifyRecentlyViewedSectionVisible -->
  <testcase classname="com.sparklingcrown.testall.FooterTest" name="verifyFooterLinksOpenAndValid" time="0.0">
    <ignored/>
  </testcase> <!-- verifyFooterLinksOpenAndValid -->
  <testcase classname="com.sparklingcrown.testall.ProductFlowTest" name="TC03_verifyYouMayAlsoLikeSectionVisible" time="0.0">
    <ignored/>
  </testcase> <!-- TC03_verifyYouMayAlsoLikeSectionVisible -->
  <testcase classname="com.sparklingcrown.testall.LoginTest" name="TC04_invalidEmailFormat_validPassword" time="0.0">
    <ignored/>
  </testcase> <!-- TC04_invalidEmailFormat_validPassword -->
  <testcase classname="com.sparklingcrown.testall.ProductFlowTest" name="TC01_verifyWarningWhenSizeNotSelected" time="0.0">
    <ignored/>
  </testcase> <!-- TC01_verifyWarningWhenSizeNotSelected -->
  <testcase classname="com.sparklingcrown.testall.SearchTests" name="TC01_blankOrSpaceSearchShouldRedirectToShopPage" time="0.0">
    <ignored/>
  </testcase> <!-- TC01_blankOrSpaceSearchShouldRedirectToShopPage -->
  <testcase classname="com.sparklingcrown.testall.SearchTests" name="TC02_validSearchFromDropdownRedirectsToProductDetailPage" time="0.0">
    <ignored/>
  </testcase> <!-- TC02_validSearchFromDropdownRedirectsToProductDetailPage -->
  <testcase classname="com.sparklingcrown.testall.LoginTest" name="TC01_blankEmailAndPassword" time="0.0">
    <ignored/>
  </testcase> <!-- TC01_blankEmailAndPassword -->
  <testcase classname="com.sparklingcrown.testall.SearchTests" name="TC04_invalidSearchShowsNoResultMessage" time="0.0">
    <ignored/>
  </testcase> <!-- TC04_invalidSearchShowsNoResultMessage -->
  <testcase classname="com.sparklingcrown.testall.LoginTest" name="TC06_validEmail_invalidFormatPassword" time="0.0">
    <ignored/>
  </testcase> <!-- TC06_validEmail_invalidFormatPassword -->
  <testcase classname="com.sparklingcrown.testall.LoginTest" name="TC02_validEmail_blankPassword" time="0.0">
    <ignored/>
  </testcase> <!-- TC02_validEmail_blankPassword -->
  <testcase classname="com.sparklingcrown.testall.LoginTest" name="TC05_validEmail_invalidPassword" time="0.0">
    <ignored/>
  </testcase> <!-- TC05_validEmail_invalidPassword -->
</testsuite> <!-- FinalFlow -->
