<?xml version="1.0" encoding="UTF-8"?>
<!-- Generated by org.testng.reporters.JUnitXMLReporter -->
<testsuite ignored="17" hostname="Rituchahar" failures="0" tests="5" name="Regression" time="56.186" errors="0" timestamp="2025-07-21T18:34:40 IST">
  <testcase classname="com.sparklingcrown.testall.LoginTest" name="TC08_validCredentials_shouldRedirectToHome" time="2.012"/>
  <testcase classname="com.sparklingcrown.testall.ProductFlowTest" name="TC04_addMultipleProductsToCart" time="19.367"/>
  <testcase classname="com.sparklingcrown.testall.FooterTest" name="verifyFooterStaticContent" time="1.393"/>
  <testcase classname="com.sparklingcrown.testall.SearchTests" name="TC03_validSearchWithIconRedirectsToListingPage" time="1.884"/>
  <testcase classname="com.sparklingcrown.testall.FilterTests" name="clearFilterTest" time="6.498"/>
  <testcase classname="com.sparklingcrown.testall.ProductFlowTest" name="TC03_verifyYouMayAlsoLikeSectionVisible" time="0.0">
    <ignored/>
  </testcase> <!-- TC03_verifyYouMayAlsoLikeSectionVisible -->
  <testcase classname="com.sparklingcrown.testall.LoginTest" name="TC06_validEmail_invalidFormatPassword" time="0.0">
    <ignored/>
  </testcase> <!-- TC06_validEmail_invalidFormatPassword -->
  <testcase classname="com.sparklingcrown.testall.FilterTests" name="sortByPriceLowToHighTest" time="0.0">
    <ignored/>
  </testcase> <!-- sortByPriceLowToHighTest -->
  <testcase classname="com.sparklingcrown.testall.LoginTest" name="TC04_invalidEmailFormat_validPassword" time="0.0">
    <ignored/>
  </testcase> <!-- TC04_invalidEmailFormat_validPassword -->
  <testcase classname="com.sparklingcrown.testall.ProductFlowTest" name="TC01_verifyWarningWhenSizeNotSelected" time="0.0">
    <ignored/>
  </testcase> <!-- TC01_verifyWarningWhenSizeNotSelected -->
  <testcase classname="com.sparklingcrown.testall.LoginTest" name="TC07_invalidEmail_invalidPassword" time="0.0">
    <ignored/>
  </testcase> <!-- TC07_invalidEmail_invalidPassword -->
  <testcase classname="com.sparklingcrown.testall.LoginTest" name="TC05_validEmail_invalidPassword" time="0.0">
    <ignored/>
  </testcase> <!-- TC05_validEmail_invalidPassword -->
  <testcase classname="com.sparklingcrown.testall.SearchTests" name="TC01_blankOrSpaceSearchShouldRedirectToShopPage" time="0.0">
    <ignored/>
  </testcase> <!-- TC01_blankOrSpaceSearchShouldRedirectToShopPage -->
  <testcase classname="com.sparklingcrown.testall.FilterTests" name="filterByCategoryTest" time="0.0">
    <ignored/>
  </testcase> <!-- filterByCategoryTest -->
  <testcase classname="com.sparklingcrown.testall.LoginTest" name="TC02_validEmail_blankPassword" time="0.0">
    <ignored/>
  </testcase> <!-- TC02_validEmail_blankPassword -->
  <testcase classname="com.sparklingcrown.testall.ProductFlowTest" name="TC02_verifyRecentlyViewedSectionVisible" time="0.0">
    <ignored/>
  </testcase> <!-- TC02_verifyRecentlyViewedSectionVisible -->
  <testcase classname="com.sparklingcrown.testall.FooterTest" name="verifyFooterLinksOpenAndValid" time="0.0">
    <ignored/>
  </testcase> <!-- verifyFooterLinksOpenAndValid -->
  <testcase classname="com.sparklingcrown.testall.SearchTests" name="TC04_invalidSearchShowsNoResultMessage" time="0.0">
    <ignored/>
  </testcase> <!-- TC04_invalidSearchShowsNoResultMessage -->
  <testcase classname="com.sparklingcrown.testall.FilterTests" name="filterByPriceRangeTest" time="0.0">
    <ignored/>
  </testcase> <!-- filterByPriceRangeTest -->
  <testcase classname="com.sparklingcrown.testall.LoginTest" name="TC03_blankEmail_validPassword" time="0.0">
    <ignored/>
  </testcase> <!-- TC03_blankEmail_validPassword -->
  <testcase classname="com.sparklingcrown.testall.LoginTest" name="TC01_blankEmailAndPassword" time="0.0">
    <ignored/>
  </testcase> <!-- TC01_blankEmailAndPassword -->
  <testcase classname="com.sparklingcrown.testall.SearchTests" name="TC02_validSearchFromDropdownRedirectsToProductDetailPage" time="0.0">
    <ignored/>
  </testcase> <!-- TC02_validSearchFromDropdownRedirectsToProductDetailPage -->
</testsuite> <!-- Regression -->
