<?xml version="1.0" encoding="UTF-8"?>
<!-- Generated by org.testng.reporters.JUnitXMLReporter -->
<testsuite ignored="0" hostname="Rituchahar" failures="0" tests="4" name="SearchTests" time="31.193" errors="0" timestamp="2025-07-21T12:04:39 IST">
  <testcase classname="com.sparklingcrown.testall.SearchTests" name="TC01_blankOrSpaceSearchShouldRedirectToShopPage" time="2.093"/>
  <testcase classname="com.sparklingcrown.testall.SearchTests" name="TC02_validSearchFromDropdownRedirectsToProductDetailPage" time="2.804"/>
  <testcase classname="com.sparklingcrown.testall.SearchTests" name="TC03_validSearchWithIconRedirectsToListingPage" time="2.156"/>
  <testcase classname="com.sparklingcrown.testall.SearchTests" name="TC04_invalidSearchShowsNoResultMessage" time="4.348"/>
</testsuite> <!-- SearchTests -->
