<?xml version="1.0" encoding="UTF-8"?>
<testng-results ignored="0" total="0" passed="0" failed="0" skipped="0">
  <reporter-output>
  </reporter-output>
  <suite started-at="2025-11-24T13:25:01 IST" name="ProductSectionsTestCases" finished-at="2025-11-24T13:25:01 IST" duration-ms="32">
    <groups>
    </groups>
    <test started-at="2025-11-24T13:25:01 IST" name="ProductsFlow" finished-at="2025-11-24T13:25:01 IST" duration-ms="32">
    </test> <!-- ProductsFlow -->
  </suite> <!-- ProductSectionsTestCases -->
</testng-results>
