<?xml version="1.0" encoding="UTF-8"?>
<!-- Generated by org.testng.reporters.JUnitReportReporter -->
<testsuite hostname="Rituchahar" failures="0" tests="2" name="com.sparklingcrown.testall.FooterTest" time="51.356" errors="0" timestamp="2025-07-27T15:16:20 IST" skipped="0">
  <testcase classname="com.sparklingcrown.testall.FooterTest" name="verifyFooterStaticContent" time="8.731"/>
  <testcase classname="com.sparklingcrown.testall.FooterTest" name="verifyFooterLinksOpenAndValid" time="42.625"/>
</testsuite> <!-- com.sparklingcrown.testall.FooterTest -->
