<?xml version="1.0" encoding="UTF-8"?>
<!-- Generated by org.testng.reporters.JUnitReportReporter -->
<testsuite hostname="Rituchahar" failures="0" tests="4" name="com.sparklingcrown.testall.ProductFlowTest" time="99.036" errors="0" timestamp="2025-07-22T17:04:55 IST" skipped="0">
  <testcase classname="com.sparklingcrown.testall.ProductFlowTest" name="TC01_verifyWarningWhenSizeNotSelected" time="15.045"/>
  <testcase classname="com.sparklingcrown.testall.ProductFlowTest" name="TC02_verifyRecentlyViewedSectionVisible" time="18.484"/>
  <testcase classname="com.sparklingcrown.testall.ProductFlowTest" name="TC03_verifyYouMayAlsoLikeSectionVisible" time="27.034"/>
  <testcase classname="com.sparklingcrown.testall.ProductFlowTest" name="TC04_addMultipleProductsToCart" time="38.473"/>
</testsuite> <!-- com.sparklingcrown.testall.ProductFlowTest -->
